<?xml version="1.0" encoding="UTF-8"?>
<!-- Generated by org.testng.reporters.JUnitXMLReporter -->
<testsuite ignored="0" hostname="DESKTOP-GKTUPAT" failures="1" tests="2" name="SampleTest" time="0.073" errors="0" timestamp="2025-10-05T12:52:30 IST">
  <testcase classname="com.example.mytestcase.AppTest" name="testFailCase" time="0.016">
    <failure type="java.lang.AssertionError" message="Intentional failure for demo expected [true] but found [false]">
      <![CDATA[java.lang.AssertionError: Intentional failure for demo expected [true] but found [false]
at com.example.mytestcase.AppTest.testFailCase(AppTest.java:31)
at java.base/java.util.ArrayList.forEach(ArrayList.java:1596)
... Removed 28 stack frames]]>
    </failure>
  </testcase> <!-- testFailCase -->
  <testcase classname="com.example.mytestcase.AppTest" name="testHello" time="0.002"/>
</testsuite> <!-- SampleTest -->
