<?xml version="1.0" encoding="UTF-8"?>
<testng-results ignored="0" total="1" passed="1" failed="0" skipped="0">
  <reporter-output>
  </reporter-output>
  <suite started-at="2025-10-05T10:10:12 IST" name="Default suite" finished-at="2025-10-05T10:10:24 IST" duration-ms="11868">
    <groups>
    </groups>
    <test started-at="2025-10-05T10:10:12 IST" name="Default test" finished-at="2025-10-05T10:10:24 IST" duration-ms="11868">
      <class name="com.example.mytestcase.App">
        <test-method is-config="true" signature="setUp()[pri:0, instance:com.example.mytestcase.App@34e9fd99]" started-at="2025-10-05T10:10:12 IST" name="setUp" finished-at="2025-10-05T10:10:17 IST" duration-ms="4773" status="PASS">
          <reporter-output>
          </reporter-output>
        </test-method> <!-- setUp -->
        <test-method signature="verifyTitle()[pri:0, instance:com.example.mytestcase.App@34e9fd99]" started-at="2025-10-05T10:10:17 IST" name="verifyTitle" finished-at="2025-10-05T10:10:21 IST" duration-ms="3590" status="PASS">
          <reporter-output>
          </reporter-output>
        </test-method> <!-- verifyTitle -->
        <test-method is-config="true" signature="tearDown()[pri:0, instance:com.example.mytestcase.App@34e9fd99]" started-at="2025-10-05T10:10:21 IST" name="tearDown" finished-at="2025-10-05T10:10:24 IST" duration-ms="3382" status="PASS">
          <reporter-output>
          </reporter-output>
        </test-method> <!-- tearDown -->
      </class> <!-- com.example.mytestcase.App -->
    </test> <!-- Default test -->
  </suite> <!-- Default suite -->
</testng-results>
